2020-01-21T02:09:01+00:00 CRITICAL require(): Failed opening required 'C:\Users\Xirt\Desktop\Projects\Look What the Cat Brought In\wordpress/wp-content/themes/look-cat-in/inc/custom-header.php' (include_path='C:\xampp\php\PEAR') in C:\Users\Xirt\Desktop\Projects\Look What the Cat Brought In\wordpress\wp-content\themes\look-cat-in\functions.php on line 143

2020-01-21T02:12:23+00:00 CRITICAL require(): Failed opening required 'C:\Users\Xirt\Desktop\Projects\Look What the Cat Brought In\wordpress/wp-content/themes/look-cat-in/inc/custom-header.php' (include_path='C:\xampp\php\PEAR') in C:\Users\Xirt\Desktop\Projects\Look What the Cat Brought In\wordpress\wp-content\themes\look-cat-in\functions.php on line 143

2020-01-21T02:36:51+00:00 CRITICAL Uncaught ArgumentCountError: Too few arguments to function add_settings_section(), 2 passed in C:\Users\Xirt\Desktop\Projects\Look What the Cat Brought In\wordpress\wp-content\themes\look-cat-in\functions.php on line 91 and exactly 4 expected in C:\Users\Xirt\Desktop\Projects\Look What the Cat Brought In\wordpress\wp-admin\includes\template.php:1507
Stack trace:
#0 C:\Users\Xirt\Desktop\Projects\Look What the Cat Brought In\wordpress\wp-content\themes\look-cat-in\functions.php(91): add_settings_section('section', 'theme-options')
#1 C:\Users\Xirt\Desktop\Projects\Look What the Cat Brought In\wordpress\wp-includes\class-wp-hook.php(288): display_theme_options_fields('')
#2 C:\Users\Xirt\Desktop\Projects\Look What the Cat Brought In\wordpress\wp-includes\class-wp-hook.php(312): WP_Hook->apply_filters(NULL, Array)
#3 C:\Users\Xirt\Desktop\Projects\Look What the Cat Brought In\wordpress\wp-includes\plugin.php(478): WP_Hook->do_action(Array)
#4 C:\Users\Xirt\Desktop\Projects\Look What the Cat Brought In\wordpress\ in C:\Users\Xirt\Desktop\Projects\Look What the Cat Brought In\wordpress\wp-admin\includes\template.php on line 1507

2020-01-21T02:50:37+00:00 CRITICAL require_once(): Failed opening required 'settings-page-functions' (include_path='C:\xampp\php\PEAR') in C:\Users\Xirt\Desktop\Projects\Look What the Cat Brought In\wordpress\wp-content\themes\look-cat-in\functions.php on line 61

2020-01-21T02:54:57+00:00 CRITICAL require_once(): Failed opening required 'C:\Users\Xirt\Desktop\Projects\Look What the Cat Brought In\wordpress\wp-content\themes\look-cat-in/settings-page-functions' (include_path='C:\xampp\php\PEAR') in C:\Users\Xirt\Desktop\Projects\Look What the Cat Brought In\wordpress\wp-content\themes\look-cat-in\functions.php on line 61

2020-01-21T03:05:16+00:00 CRITICAL Cannot redeclare setup_cfs_options() (previously declared in C:\Users\Xirt\Desktop\Projects\Look What the Cat Brought In\wordpress\wp-content\plugins\cfs-options-pages\cfs-options-pages.php:137) in C:\Users\Xirt\Desktop\Projects\Look What the Cat Brought In\wordpress\wp-content\themes\look-cat-in\cfs-options-pages.php on line 127

2020-01-21T03:06:27+00:00 CRITICAL require_once(): Failed opening required 'C:\Users\Xirt\Desktop\Projects\Look What the Cat Brought In\wordpress\wp-content\themes\look-cat-in/cfs-options-pages.php' (include_path='C:\xampp\php\PEAR') in C:\Users\Xirt\Desktop\Projects\Look What the Cat Brought In\wordpress\wp-content\themes\look-cat-in\functions.php on line 60

2020-01-21T03:07:57+00:00 CRITICAL require_once(): Failed opening required 'C:\Users\Xirt\Desktop\Projects\Look What the Cat Brought In\wordpress\wp-content\themes\look-cat-in/options-pages.php' (include_path='C:\xampp\php\PEAR') in C:\Users\Xirt\Desktop\Projects\Look What the Cat Brought In\wordpress\wp-content\themes\look-cat-in\functions.php on line 60

2020-01-21T03:18:41+00:00 CRITICAL Cannot redeclare register_post_type() (previously declared in C:\Users\Xirt\Desktop\Projects\Look What the Cat Brought In\wordpress\wp-includes\post.php:1405) in C:\Users\Xirt\Desktop\Projects\Look What the Cat Brought In\wordpress\wp-content\themes\look-cat-in\functions.php on line 60

2020-01-21T03:18:44+00:00 CRITICAL Cannot redeclare register_post_type() (previously declared in C:\Users\Xirt\Desktop\Projects\Look What the Cat Brought In\wordpress\wp-includes\post.php:1405) in C:\Users\Xirt\Desktop\Projects\Look What the Cat Brought In\wordpress\wp-content\themes\look-cat-in\functions.php on line 60

2020-01-21T03:19:07+00:00 CRITICAL Uncaught Error: Using $this when not in object context in C:\Users\Xirt\Desktop\Projects\Look What the Cat Brought In\wordpress\wp-content\themes\look-cat-in\functions.php:73
Stack trace:
#0 C:\Users\Xirt\Desktop\Projects\Look What the Cat Brought In\wordpress\wp-settings.php(497): include()
#1 C:\Users\Xirt\Desktop\Projects\Look What the Cat Brought In\wordpress\wp-config.php(90): require_once('C:\\Users\\Xirt\\D...')
#2 C:\Users\Xirt\Desktop\Projects\Look What the Cat Brought In\wordpress\wp-load.php(37): require_once('C:\\Users\\Xirt\\D...')
#3 C:\Users\Xirt\Desktop\Projects\Look What the Cat Brought In\wordpress\wp-admin\admin.php(34): require_once('C:\\Users\\Xirt\\D...')
#4 {main}
  thrown in C:\Users\Xirt\Desktop\Projects\Look What the Cat Brought In\wordpress\wp-content\themes\look-cat-in\functions.php on line 73

2020-01-21T03:19:11+00:00 CRITICAL Uncaught Error: Using $this when not in object context in C:\Users\Xirt\Desktop\Projects\Look What the Cat Brought In\wordpress\wp-content\themes\look-cat-in\functions.php:73
Stack trace:
#0 C:\Users\Xirt\Desktop\Projects\Look What the Cat Brought In\wordpress\wp-settings.php(497): include()
#1 C:\Users\Xirt\Desktop\Projects\Look What the Cat Brought In\wordpress\wp-config.php(90): require_once('C:\\Users\\Xirt\\D...')
#2 C:\Users\Xirt\Desktop\Projects\Look What the Cat Brought In\wordpress\wp-load.php(37): require_once('C:\\Users\\Xirt\\D...')
#3 C:\Users\Xirt\Desktop\Projects\Look What the Cat Brought In\wordpress\wp-admin\admin.php(34): require_once('C:\\Users\\Xirt\\D...')
#4 C:\Users\Xirt\Desktop\Projects\Look What the Cat Brought In\wordpress\wp-admin\index.php(10): require_once('C:\\Users\\Xirt\\D...')
#5 {main}
  thrown in C:\Users\Xirt\Desktop\Projects\Look What the Cat Brought In\wordpress\wp-content\themes\look-cat-in\functions.php on line 73

2020-01-21T03:28:35+00:00 CRITICAL Uncaught Error: Call to undefined function add_menu_page() in C:\Users\Xirt\Desktop\Projects\Look What the Cat Brought In\wordpress\wp-content\themes\look-cat-in\functions.php:85
Stack trace:
#0 C:\Users\Xirt\Desktop\Projects\Look What the Cat Brought In\wordpress\wp-settings.php(497): include()
#1 C:\Users\Xirt\Desktop\Projects\Look What the Cat Brought In\wordpress\wp-config.php(90): require_once('C:\\Users\\Xirt\\D...')
#2 C:\Users\Xirt\Desktop\Projects\Look What the Cat Brought In\wordpress\wp-load.php(37): require_once('C:\\Users\\Xirt\\D...')
#3 C:\Users\Xirt\Desktop\Projects\Look What the Cat Brought In\wordpress\wp-admin\admin-ajax.php(22): require_once('C:\\Users\\Xirt\\D...')
#4 {main}
  thrown in C:\Users\Xirt\Desktop\Projects\Look What the Cat Brought In\wordpress\wp-content\themes\look-cat-in\functions.php on line 85

2020-01-21T03:28:36+00:00 CRITICAL Uncaught Error: Call to undefined function add_menu_page() in C:\Users\Xirt\Desktop\Projects\Look What the Cat Brought In\wordpress\wp-content\themes\look-cat-in\functions.php:85
Stack trace:
#0 C:\Users\Xirt\Desktop\Projects\Look What the Cat Brought In\wordpress\wp-settings.php(497): include()
#1 C:\Users\Xirt\Desktop\Projects\Look What the Cat Brought In\wordpress\wp-config.php(90): require_once('C:\\Users\\Xirt\\D...')
#2 C:\Users\Xirt\Desktop\Projects\Look What the Cat Brought In\wordpress\wp-load.php(37): require_once('C:\\Users\\Xirt\\D...')
#3 C:\Users\Xirt\Desktop\Projects\Look What the Cat Brought In\wordpress\wp-admin\admin.php(34): require_once('C:\\Users\\Xirt\\D...')
#4 C:\Users\Xirt\Desktop\Projects\Look What the Cat Brought In\wordpress\wp-admin\post-new.php(10): require_once('C:\\Users\\Xirt\\D...')
#5 {main}
  thrown in C:\Users\Xirt\Desktop\Projects\Look What the Cat Brought In\wordpress\wp-content\themes\look-cat-in\functions.php on line 85

2020-01-21T03:33:48+00:00 CRITICAL Uncaught Error: Call to undefined function add_menu_page() in C:\Users\Xirt\Desktop\Projects\Look What the Cat Brought In\wordpress\wp-content\themes\look-cat-in\functions.php:87
Stack trace:
#0 C:\Users\Xirt\Desktop\Projects\Look What the Cat Brought In\wordpress\wp-settings.php(497): include()
#1 C:\Users\Xirt\Desktop\Projects\Look What the Cat Brought In\wordpress\wp-config.php(90): require_once('C:\\Users\\Xirt\\D...')
#2 C:\Users\Xirt\Desktop\Projects\Look What the Cat Brought In\wordpress\wp-load.php(37): require_once('C:\\Users\\Xirt\\D...')
#3 C:\Users\Xirt\Desktop\Projects\Look What the Cat Brought In\wordpress\wp-admin\admin-ajax.php(22): require_once('C:\\Users\\Xirt\\D...')
#4 {main}
  thrown in C:\Users\Xirt\Desktop\Projects\Look What the Cat Brought In\wordpress\wp-content\themes\look-cat-in\functions.php on line 87

2020-01-21T03:33:49+00:00 CRITICAL Uncaught Error: Call to undefined function add_menu_page() in C:\Users\Xirt\Desktop\Projects\Look What the Cat Brought In\wordpress\wp-content\themes\look-cat-in\functions.php:87
Stack trace:
#0 C:\Users\Xirt\Desktop\Projects\Look What the Cat Brought In\wordpress\wp-settings.php(497): include()
#1 C:\Users\Xirt\Desktop\Projects\Look What the Cat Brought In\wordpress\wp-config.php(90): require_once('C:\\Users\\Xirt\\D...')
#2 C:\Users\Xirt\Desktop\Projects\Look What the Cat Brought In\wordpress\wp-load.php(37): require_once('C:\\Users\\Xirt\\D...')
#3 C:\Users\Xirt\Desktop\Projects\Look What the Cat Brought In\wordpress\wp-admin\admin.php(34): require_once('C:\\Users\\Xirt\\D...')
#4 C:\Users\Xirt\Desktop\Projects\Look What the Cat Brought In\wordpress\wp-admin\edit.php(10): require_once('C:\\Users\\Xirt\\D...')
#5 {main}
  thrown in C:\Users\Xirt\Desktop\Projects\Look What the Cat Brought In\wordpress\wp-content\themes\look-cat-in\functions.php on line 87

2020-01-21T04:11:07+00:00 CRITICAL Uncaught Error: Call to undefined function get_current_screen() in C:\Users\Xirt\Desktop\Projects\Look What the Cat Brought In\wordpress\wp-content\themes\look-cat-in\functions.php:114
Stack trace:
#0 C:\Users\Xirt\Desktop\Projects\Look What the Cat Brought In\wordpress\wp-settings.php(497): include()
#1 C:\Users\Xirt\Desktop\Projects\Look What the Cat Brought In\wordpress\wp-config.php(90): require_once('C:\\Users\\Xirt\\D...')
#2 C:\Users\Xirt\Desktop\Projects\Look What the Cat Brought In\wordpress\wp-load.php(37): require_once('C:\\Users\\Xirt\\D...')
#3 C:\Users\Xirt\Desktop\Projects\Look What the Cat Brought In\wordpress\wp-admin\admin-ajax.php(22): require_once('C:\\Users\\Xirt\\D...')
#4 {main}
  thrown in C:\Users\Xirt\Desktop\Projects\Look What the Cat Brought In\wordpress\wp-content\themes\look-cat-in\functions.php on line 114

2020-01-21T04:11:09+00:00 CRITICAL Uncaught Error: Call to undefined function get_current_screen() in C:\Users\Xirt\Desktop\Projects\Look What the Cat Brought In\wordpress\wp-content\themes\look-cat-in\functions.php:114
Stack trace:
#0 C:\Users\Xirt\Desktop\Projects\Look What the Cat Brought In\wordpress\wp-settings.php(497): include()
#1 C:\Users\Xirt\Desktop\Projects\Look What the Cat Brought In\wordpress\wp-config.php(90): require_once('C:\\Users\\Xirt\\D...')
#2 C:\Users\Xirt\Desktop\Projects\Look What the Cat Brought In\wordpress\wp-load.php(37): require_once('C:\\Users\\Xirt\\D...')
#3 C:\Users\Xirt\Desktop\Projects\Look What the Cat Brought In\wordpress\wp-admin\admin.php(34): require_once('C:\\Users\\Xirt\\D...')
#4 C:\Users\Xirt\Desktop\Projects\Look What the Cat Brought In\wordpress\wp-admin\post.php(12): require_once('C:\\Users\\Xirt\\D...')
#5 {main}
  thrown in C:\Users\Xirt\Desktop\Projects\Look What the Cat Brought In\wordpress\wp-content\themes\look-cat-in\functions.php on line 114

2020-01-21T04:11:09+00:00 CRITICAL Uncaught Error: Call to undefined function get_current_screen() in C:\Users\Xirt\Desktop\Projects\Look What the Cat Brought In\wordpress\wp-content\themes\look-cat-in\functions.php:114
Stack trace:
#0 C:\Users\Xirt\Desktop\Projects\Look What the Cat Brought In\wordpress\wp-settings.php(497): include()
#1 C:\Users\Xirt\Desktop\Projects\Look What the Cat Brought In\wordpress\wp-config.php(90): require_once('C:\\Users\\Xirt\\D...')
#2 C:\Users\Xirt\Desktop\Projects\Look What the Cat Brought In\wordpress\wp-load.php(37): require_once('C:\\Users\\Xirt\\D...')
#3 C:\Users\Xirt\Desktop\Projects\Look What the Cat Brought In\wordpress\wp-admin\admin-ajax.php(22): require_once('C:\\Users\\Xirt\\D...')
#4 {main}
  thrown in C:\Users\Xirt\Desktop\Projects\Look What the Cat Brought In\wordpress\wp-content\themes\look-cat-in\functions.php on line 114

2020-01-21T15:48:40+00:00 CRITICAL Uncaught Error: Call to undefined function get_theme_settings_page_id() in C:\Users\Xirt\Desktop\Projects\Look What the Cat Brought In\wordpress\wp-content\themes\look-cat-in\page-templates\home-page.php:7
Stack trace:
#0 C:\Users\Xirt\Desktop\Projects\Look What the Cat Brought In\wordpress\wp-includes\template-loader.php(98): include()
#1 C:\Users\Xirt\Desktop\Projects\Look What the Cat Brought In\wordpress\wp-blog-header.php(19): require_once('C:\\Users\\Xirt\\D...')
#2 C:\Users\Xirt\Desktop\Projects\Look What the Cat Brought In\wordpress\index.php(17): require('C:\\Users\\Xirt\\D...')
#3 {main}
  thrown in C:\Users\Xirt\Desktop\Projects\Look What the Cat Brought In\wordpress\wp-content\themes\look-cat-in\page-templates\home-page.php on line 7

