2020-01-29T19:04:54+00:00 CRITICAL Uncaught Error: Call to undefined function CFS() in C:\Users\Xirt\Desktop\Projects\Look What the Cat Brought In\wordpress\wp-content\themes\look-cat-in\header.php:28
Stack trace:
#0 C:\Users\Xirt\Desktop\Projects\Look What the Cat Brought In\wordpress\wp-includes\template.php(722): require_once()
#1 C:\Users\Xirt\Desktop\Projects\Look What the Cat Brought In\wordpress\wp-includes\template.php(671): load_template('C:\\Users\\Xirt\\D...', true)
#2 C:\Users\Xirt\Desktop\Projects\Look What the Cat Brought In\wordpress\wp-includes\general-template.php(41): locate_template(Array, true)
#3 C:\Users\Xirt\Desktop\Projects\Look What the Cat Brought In\wordpress\wp-content\themes\look-cat-in\page-templates\home-page.php(5): get_header()
#4 C:\Users\Xirt\Desktop\Projects\Look What the Cat Brought In\wordpress\wp-includes\template-loader.php(98): include('C:\\Users\\Xirt\\D...')
#5 C:\Users\Xirt\Desktop\Projects\Look What the Cat Brought In\wordpress\wp-blog-header.php(19): require_once('C:\\Users\\Xirt\\D...')
#6 C:\User in C:\Users\Xirt\Desktop\Projects\Look What the Cat Brought In\wordpress\wp-content\themes\look-cat-in\header.php on line 28

2020-01-29T19:14:07+00:00 CRITICAL Uncaught Error: Call to undefined function CFS() in C:\Users\Xirt\Desktop\Projects\Look What the Cat Brought In\wordpress\wp-content\themes\look-cat-in\header.php:28
Stack trace:
#0 C:\Users\Xirt\Desktop\Projects\Look What the Cat Brought In\wordpress\wp-includes\template.php(722): require_once()
#1 C:\Users\Xirt\Desktop\Projects\Look What the Cat Brought In\wordpress\wp-includes\template.php(671): load_template('C:\\Users\\Xirt\\D...', true)
#2 C:\Users\Xirt\Desktop\Projects\Look What the Cat Brought In\wordpress\wp-includes\general-template.php(41): locate_template(Array, true)
#3 C:\Users\Xirt\Desktop\Projects\Look What the Cat Brought In\wordpress\wp-content\themes\look-cat-in\page-templates\home-page.php(5): get_header()
#4 C:\Users\Xirt\Desktop\Projects\Look What the Cat Brought In\wordpress\wp-includes\template-loader.php(98): include('C:\\Users\\Xirt\\D...')
#5 C:\Users\Xirt\Desktop\Projects\Look What the Cat Brought In\wordpress\wp-blog-header.php(19): require_once('C:\\Users\\Xirt\\D...')
#6 C:\User in C:\Users\Xirt\Desktop\Projects\Look What the Cat Brought In\wordpress\wp-content\themes\look-cat-in\header.php on line 28

2020-01-29T19:18:50+00:00 CRITICAL Uncaught Error: Call to undefined function CFS() in C:\Users\Xirt\Desktop\Projects\Look What the Cat Brought In\wordpress\wp-content\themes\look-cat-in\header.php:28
Stack trace:
#0 C:\Users\Xirt\Desktop\Projects\Look What the Cat Brought In\wordpress\wp-includes\template.php(722): require_once()
#1 C:\Users\Xirt\Desktop\Projects\Look What the Cat Brought In\wordpress\wp-includes\template.php(671): load_template('C:\\Users\\Xirt\\D...', true)
#2 C:\Users\Xirt\Desktop\Projects\Look What the Cat Brought In\wordpress\wp-includes\general-template.php(41): locate_template(Array, true)
#3 C:\Users\Xirt\Desktop\Projects\Look What the Cat Brought In\wordpress\wp-content\themes\look-cat-in\page-templates\home-page.php(5): get_header()
#4 C:\Users\Xirt\Desktop\Projects\Look What the Cat Brought In\wordpress\wp-includes\template-loader.php(98): include('C:\\Users\\Xirt\\D...')
#5 C:\Users\Xirt\Desktop\Projects\Look What the Cat Brought In\wordpress\wp-blog-header.php(19): require_once('C:\\Users\\Xirt\\D...')
#6 C:\User in C:\Users\Xirt\Desktop\Projects\Look What the Cat Brought In\wordpress\wp-content\themes\look-cat-in\header.php on line 28

2020-01-29T19:19:23+00:00 CRITICAL Uncaught Error: Call to undefined function CFS() in C:\Users\Xirt\Desktop\Projects\Look What the Cat Brought In\wordpress\wp-content\themes\look-cat-in\header.php:28
Stack trace:
#0 C:\Users\Xirt\Desktop\Projects\Look What the Cat Brought In\wordpress\wp-includes\template.php(722): require_once()
#1 C:\Users\Xirt\Desktop\Projects\Look What the Cat Brought In\wordpress\wp-includes\template.php(671): load_template('C:\\Users\\Xirt\\D...', true)
#2 C:\Users\Xirt\Desktop\Projects\Look What the Cat Brought In\wordpress\wp-includes\general-template.php(41): locate_template(Array, true)
#3 C:\Users\Xirt\Desktop\Projects\Look What the Cat Brought In\wordpress\wp-content\themes\look-cat-in\page-templates\home-page.php(5): get_header()
#4 C:\Users\Xirt\Desktop\Projects\Look What the Cat Brought In\wordpress\wp-includes\template-loader.php(98): include('C:\\Users\\Xirt\\D...')
#5 C:\Users\Xirt\Desktop\Projects\Look What the Cat Brought In\wordpress\wp-blog-header.php(19): require_once('C:\\Users\\Xirt\\D...')
#6 C:\User in C:\Users\Xirt\Desktop\Projects\Look What the Cat Brought In\wordpress\wp-content\themes\look-cat-in\header.php on line 28

2020-01-29T19:19:51+00:00 CRITICAL Uncaught Error: Call to undefined function CFS() in C:\Users\Xirt\Desktop\Projects\Look What the Cat Brought In\wordpress\wp-content\themes\look-cat-in\header.php:28
Stack trace:
#0 C:\Users\Xirt\Desktop\Projects\Look What the Cat Brought In\wordpress\wp-includes\template.php(722): require_once()
#1 C:\Users\Xirt\Desktop\Projects\Look What the Cat Brought In\wordpress\wp-includes\template.php(671): load_template('C:\\Users\\Xirt\\D...', true)
#2 C:\Users\Xirt\Desktop\Projects\Look What the Cat Brought In\wordpress\wp-includes\general-template.php(41): locate_template(Array, true)
#3 C:\Users\Xirt\Desktop\Projects\Look What the Cat Brought In\wordpress\wp-content\themes\look-cat-in\page-templates\home-page.php(5): get_header()
#4 C:\Users\Xirt\Desktop\Projects\Look What the Cat Brought In\wordpress\wp-includes\template-loader.php(98): include('C:\\Users\\Xirt\\D...')
#5 C:\Users\Xirt\Desktop\Projects\Look What the Cat Brought In\wordpress\wp-blog-header.php(19): require_once('C:\\Users\\Xirt\\D...')
#6 C:\User in C:\Users\Xirt\Desktop\Projects\Look What the Cat Brought In\wordpress\wp-content\themes\look-cat-in\header.php on line 28

2020-01-29T19:20:07+00:00 CRITICAL Uncaught Error: Call to undefined function CFS() in C:\Users\Xirt\Desktop\Projects\Look What the Cat Brought In\wordpress\wp-content\themes\look-cat-in\header.php:28
Stack trace:
#0 C:\Users\Xirt\Desktop\Projects\Look What the Cat Brought In\wordpress\wp-includes\template.php(722): require_once()
#1 C:\Users\Xirt\Desktop\Projects\Look What the Cat Brought In\wordpress\wp-includes\template.php(671): load_template('C:\\Users\\Xirt\\D...', true)
#2 C:\Users\Xirt\Desktop\Projects\Look What the Cat Brought In\wordpress\wp-includes\general-template.php(41): locate_template(Array, true)
#3 C:\Users\Xirt\Desktop\Projects\Look What the Cat Brought In\wordpress\wp-content\themes\look-cat-in\page-templates\home-page.php(5): get_header()
#4 C:\Users\Xirt\Desktop\Projects\Look What the Cat Brought In\wordpress\wp-includes\template-loader.php(98): include('C:\\Users\\Xirt\\D...')
#5 C:\Users\Xirt\Desktop\Projects\Look What the Cat Brought In\wordpress\wp-blog-header.php(19): require_once('C:\\Users\\Xirt\\D...')
#6 C:\User in C:\Users\Xirt\Desktop\Projects\Look What the Cat Brought In\wordpress\wp-content\themes\look-cat-in\header.php on line 28

2020-01-29T19:21:09+00:00 CRITICAL Uncaught Error: Call to undefined function CFS() in C:\Users\Xirt\Desktop\Projects\Look What the Cat Brought In\wordpress\wp-content\themes\look-cat-in\header.php:28
Stack trace:
#0 C:\Users\Xirt\Desktop\Projects\Look What the Cat Brought In\wordpress\wp-includes\template.php(722): require_once()
#1 C:\Users\Xirt\Desktop\Projects\Look What the Cat Brought In\wordpress\wp-includes\template.php(671): load_template('C:\\Users\\Xirt\\D...', true)
#2 C:\Users\Xirt\Desktop\Projects\Look What the Cat Brought In\wordpress\wp-includes\general-template.php(41): locate_template(Array, true)
#3 C:\Users\Xirt\Desktop\Projects\Look What the Cat Brought In\wordpress\wp-content\themes\look-cat-in\page-templates\home-page.php(5): get_header()
#4 C:\Users\Xirt\Desktop\Projects\Look What the Cat Brought In\wordpress\wp-includes\template-loader.php(98): include('C:\\Users\\Xirt\\D...')
#5 C:\Users\Xirt\Desktop\Projects\Look What the Cat Brought In\wordpress\wp-blog-header.php(19): require_once('C:\\Users\\Xirt\\D...')
#6 C:\User in C:\Users\Xirt\Desktop\Projects\Look What the Cat Brought In\wordpress\wp-content\themes\look-cat-in\header.php on line 28

