2020-02-13T20:56:28+00:00 DEBUG 
====Stripe Version: 4.3.1====
====Start Log====
Keys are not set correctly.
====End Log====


2020-02-13T20:56:29+00:00 DEBUG 
====Stripe Version: 4.3.1====
====Start Log====
Keys are not set correctly.
====End Log====


2020-02-13T20:56:31+00:00 DEBUG 
====Stripe Version: 4.3.1====
====Start Log====
Keys are not set correctly.
====End Log====


2020-02-13T20:57:06+00:00 DEBUG 
====Stripe Version: 4.3.1====
====Start Log====
Keys are not set correctly.
====End Log====


2020-02-13T20:57:26+00:00 DEBUG 
====Stripe Version: 4.3.1====
====Start Log====
Keys are not set correctly.
====End Log====


2020-02-13T20:57:31+00:00 DEBUG 
====Stripe Version: 4.3.1====
====Start Log====
Keys are not set correctly.
====End Log====


2020-02-13T20:57:38+00:00 DEBUG 
====Stripe Version: 4.3.1====
====Start Log====
Keys are not set correctly.
====End Log====


2020-02-13T20:57:42+00:00 DEBUG 
====Stripe Version: 4.3.1====
====Start Log====
Keys are not set correctly.
====End Log====


2020-02-13T20:57:42+00:00 DEBUG 
====Stripe Version: 4.3.1====
====Start Log====
Keys are not set correctly.
====End Log====


2020-02-13T20:58:07+00:00 DEBUG 
====Stripe Version: 4.3.1====
====Start Log====
Keys are not set correctly.
====End Log====


2020-02-13T20:58:12+00:00 DEBUG 
====Stripe Version: 4.3.1====
====Start Log====
Keys are not set correctly.
====End Log====


2020-02-13T20:58:18+00:00 DEBUG 
====Stripe Version: 4.3.1====
====Start Log====
Keys are not set correctly.
====End Log====


2020-02-13T20:58:21+00:00 DEBUG 
====Stripe Version: 4.3.1====
====Start Log====
Keys are not set correctly.
====End Log====


2020-02-13T20:59:08+00:00 DEBUG 
====Stripe Version: 4.3.1====
====Start Log====
Keys are not set correctly.
====End Log====


2020-02-13T20:59:14+00:00 DEBUG 
====Stripe Version: 4.3.1====
====Start Log====
Keys are not set correctly.
====End Log====


2020-02-13T20:59:19+00:00 DEBUG 
====Stripe Version: 4.3.1====
====Start Log====
Keys are not set correctly.
====End Log====


2020-02-13T20:59:24+00:00 DEBUG 
====Stripe Version: 4.3.1====
====Start Log====
Keys are not set correctly.
====End Log====


2020-02-13T20:59:26+00:00 DEBUG 
====Stripe Version: 4.3.1====
====Start Log====
Keys are not set correctly.
====End Log====


2020-02-13T20:59:27+00:00 DEBUG 
====Stripe Version: 4.3.1====
====Start Log====
Keys are not set correctly.
====End Log====


2020-02-13T21:08:49+00:00 DEBUG 
====Stripe Version: 4.3.1====
====Start Log====
Keys are not set correctly.
====End Log====


2020-02-13T21:09:05+00:00 DEBUG 
====Stripe Version: 4.3.1====
====Start Log====
Keys are not set correctly.
====End Log====


2020-02-13T21:10:19+00:00 DEBUG 
====Stripe Version: 4.3.1====
====Start Log====
Keys are not set correctly.
====End Log====


2020-02-13T21:10:42+00:00 DEBUG 
====Stripe Version: 4.3.1====
====Start Log====
Keys are not set correctly.
====End Log====


2020-02-13T21:10:52+00:00 DEBUG 
====Stripe Version: 4.3.1====
====Start Log====
Keys are not set correctly.
====End Log====


2020-02-13T21:11:17+00:00 DEBUG 
====Stripe Version: 4.3.1====
====Start Log====
Keys are not set correctly.
====End Log====


2020-02-13T21:12:02+00:00 DEBUG 
====Stripe Version: 4.3.1====
====Start Log====
Keys are not set correctly.
====End Log====


2020-02-13T21:12:36+00:00 DEBUG 
====Stripe Version: 4.3.1====
====Start Log====
Keys are not set correctly.
====End Log====


2020-02-13T21:12:45+00:00 DEBUG 
====Stripe Version: 4.3.1====
====Start Log====
Keys are not set correctly.
====End Log====


2020-02-13T21:13:11+00:00 DEBUG 
====Stripe Version: 4.3.1====
====Start Log====
Keys are not set correctly.
====End Log====


2020-02-13T21:13:54+00:00 DEBUG 
====Stripe Version: 4.3.1====
====Start Log====
Keys are not set correctly.
====End Log====


2020-02-13T21:14:26+00:00 DEBUG 
====Stripe Version: 4.3.1====
====Start Log====
Keys are not set correctly.
====End Log====


2020-02-13T21:14:40+00:00 DEBUG 
====Stripe Version: 4.3.1====
====Start Log====
Keys are not set correctly.
====End Log====


2020-02-13T21:15:20+00:00 DEBUG 
====Stripe Version: 4.3.1====
====Start Log====
Keys are not set correctly.
====End Log====


2020-02-13T21:15:35+00:00 DEBUG 
====Stripe Version: 4.3.1====
====Start Log====
Keys are not set correctly.
====End Log====


2020-02-13T21:16:02+00:00 DEBUG 
====Stripe Version: 4.3.1====
====Start Log====
Keys are not set correctly.
====End Log====


2020-02-13T21:16:06+00:00 DEBUG 
====Stripe Version: 4.3.1====
====Start Log====
Keys are not set correctly.
====End Log====


2020-02-13T21:16:08+00:00 DEBUG 
====Stripe Version: 4.3.1====
====Start Log====
Keys are not set correctly.
====End Log====


2020-02-13T21:16:16+00:00 DEBUG 
====Stripe Version: 4.3.1====
====Start Log====
Keys are not set correctly.
====End Log====


2020-02-13T21:16:19+00:00 DEBUG 
====Stripe Version: 4.3.1====
====Start Log====
Keys are not set correctly.
====End Log====


